#
# There is insufficient memory for the Java Runtime Environment to continue.
# Native memory allocation (malloc) failed to allocate 4679536 bytes for Chunk::new
# Possible reasons:
#   The system is out of physical RAM or swap space
#   The process is running with CompressedOops enabled, and the Java Heap may be blocking the growth of the native heap
# Possible solutions:
#   Reduce memory load on the system
#   Increase physical memory or swap space
#   Check if swap backing store is full
#   Decrease Java heap size (-Xmx/-Xms)
#   Decrease number of Java threads
#   Decrease Java thread stack sizes (-Xss)
#   Set larger code cache with -XX:ReservedCodeCacheSize=
#   JVM is running with Unscaled Compressed Oops mode in which the Java heap is
#     placed in the first 4GB address space. The Java Heap base address is the
#     maximum limit for the native heap growth. Please use -XX:HeapBaseMinAddress
#     to set the Java Heap base and to place the Java Heap above 4GB virtual address.
# This output file may be truncated or incomplete.
#
#  Out of Memory Error (c:/workspace/9-2-build-windows-amd64-cygwin-phase2/jdk9/6725/hotspot/src/share/vm/memory/allocation.cpp:372), pid=7764, tid=18776
#
# JRE version: Java(TM) SE Runtime Environment (9.0+181) (build 9+181)
# Java VM: Java HotSpot(TM) 64-Bit Server VM (9+181, mixed mode, tiered, compressed oops, g1 gc, windows-amd64)
# No core dump will be written. Minidumps are not enabled by default on client versions of Windows
#

---------------  S U M M A R Y ------------

Command Line: -agentlib:jdwp=transport=dt_socket,address=127.0.0.1:33772,suspend=y,server=n -ea -Didea.test.cyclic.buffer.size=1048576 -javaagent:C:\Users\ninja\.IntelliJIdea2018.3\system\captureAgent\debugger-agent.jar -Dfile.encoding=UTF-8 com.intellij.rt.execution.junit.JUnitStarter -ideVersion5 -junit4 mk.trkalo.emtlab.EMTlab.EmTlabApplicationTests,contextLoads

Host: Intel(R) Core(TM) i7-6700HQ CPU @ 2.60GHz, 8 cores, 7G,  Windows 10 , 64 bit Build 17134 (10.0.17134.648)
Time: Thu Apr 04 23:01:26 2019 Central European Daylight Time elapsed time: 4 seconds (0d 0h 0m 4s)

---------------  T H R E A D  ---------------

Current thread (0x000002218018c000):  JavaThread "C2 CompilerThread1" daemon [_thread_in_native, id=18776, stack(0x0000002b51100000,0x0000002b51200000)]


Current CompileTask:
C2:   4492 3141       4       java.lang.ClassLoader::loadClass (7 bytes)

Stack: [0x0000002b51100000,0x0000002b51200000]
Native frames: (J=compiled Java code, j=interpreted, Vv=VM code, C=native code)
V  [jvm.dll+0x587108]
V  [jvm.dll+0x69c14e]
V  [jvm.dll+0x69d06a]
V  [jvm.dll+0x69d6a3]
V  [jvm.dll+0x21d3f8]
V  [jvm.dll+0xa7bac]
V  [jvm.dll+0xa84ec]
V  [jvm.dll+0x3212f5]
V  [jvm.dll+0x17b73c]
V  [jvm.dll+0x1e9d1d]
V  [jvm.dll+0x1e8eb6]
V  [jvm.dll+0x16916b]
V  [jvm.dll+0x1f6680]
V  [jvm.dll+0x1f5306]
V  [jvm.dll+0x66b1af]
V  [jvm.dll+0x586530]
C  [msvcr120.dll+0x24f7f]
C  [msvcr120.dll+0x25126]
C  [KERNEL32.DLL+0x13dc4]
C  [ntdll.dll+0x73691]


---------------  P R O C E S S  ---------------

Java Threads: ( => current thread )
  0x00000221809ab000 JavaThread "Service Thread" daemon [_thread_blocked, id=13524, stack(0x0000002b51900000,0x0000002b51a00000)]
  0x000002218059e800 JavaThread "JDWP Command Reader" daemon [_thread_in_native, id=20372, stack(0x0000002b51800000,0x0000002b51900000)]
  0x0000022180599800 JavaThread "JDWP Event Helper Thread" daemon [_thread_blocked, id=4712, stack(0x0000002b51700000,0x0000002b51800000)]
  0x0000022180598000 JavaThread "JDWP Transport Listener: dt_socket" daemon [_thread_blocked, id=16424, stack(0x0000002b51600000,0x0000002b51700000)]
  0x00000221801fd800 JavaThread "Common-Cleaner" daemon [_thread_blocked, id=17932, stack(0x0000002b51500000,0x0000002b51600000)]
  0x00000221801a9000 JavaThread "Sweeper thread" daemon [_thread_blocked, id=19448, stack(0x0000002b51400000,0x0000002b51500000)]
  0x0000022180190800 JavaThread "C1 CompilerThread3" daemon [_thread_blocked, id=1132, stack(0x0000002b51300000,0x0000002b51400000)]
  0x000002218018f800 JavaThread "C2 CompilerThread2" daemon [_thread_in_native, id=19136, stack(0x0000002b51200000,0x0000002b51300000)]
=>0x000002218018c000 JavaThread "C2 CompilerThread1" daemon [_thread_in_native, id=18776, stack(0x0000002b51100000,0x0000002b51200000)]
  0x000002218018b000 JavaThread "C2 CompilerThread0" daemon [_thread_in_native, id=11020, stack(0x0000002b51000000,0x0000002b51100000)]
  0x000002218018a000 JavaThread "Attach Listener" daemon [_thread_blocked, id=20312, stack(0x0000002b50f00000,0x0000002b51000000)]
  0x0000022180189800 JavaThread "Signal Dispatcher" daemon [_thread_blocked, id=21208, stack(0x0000002b50e00000,0x0000002b50f00000)]
  0x000002218013d800 JavaThread "Finalizer" daemon [_thread_blocked, id=12212, stack(0x0000002b50d00000,0x0000002b50e00000)]
  0x0000022180133800 JavaThread "Reference Handler" daemon [_thread_blocked, id=6476, stack(0x0000002b50c00000,0x0000002b50d00000)]
  0x00000221dc28a000 JavaThread "main" [_thread_in_vm, id=19064, stack(0x0000002b4f600000,0x0000002b4f700000)]

Other Threads:
  0x0000022180125000 VMThread "VM Thread" [stack: 0x0000002b50b00000,0x0000002b50c00000] [id=19728]
  0x00000221809ac800 WatcherThread [stack: 0x0000002b51a00000,0x0000002b51b00000] [id=19096]
  0x00000221dc2a0800 GCTaskThread "GC Thread#0" [stack: 0x0000002b4f700000,0x0000002b4f800000] [id=12124]
  0x00000221dc2a3000 GCTaskThread "GC Thread#1" [stack: 0x0000002b4f800000,0x0000002b4f900000] [id=6632]
  0x00000221dc2a4000 GCTaskThread "GC Thread#2" [stack: 0x0000002b4f900000,0x0000002b4fa00000] [id=13652]
  0x00000221dc2a5800 GCTaskThread "GC Thread#3" [stack: 0x0000002b4fa00000,0x0000002b4fb00000] [id=13068]
  0x00000221dc2aa000 GCTaskThread "GC Thread#4" [stack: 0x0000002b4fb00000,0x0000002b4fc00000] [id=6224]
  0x00000221dc2ab000 GCTaskThread "GC Thread#5" [stack: 0x0000002b4fc00000,0x0000002b4fd00000] [id=1140]
  0x00000221dc2ac800 GCTaskThread "GC Thread#6" [stack: 0x0000002b4fd00000,0x0000002b4fe00000] [id=2124]
  0x00000221dc2ae000 GCTaskThread "GC Thread#7" [stack: 0x0000002b4fe00000,0x0000002b4ff00000] [id=20128]
  0x00000221dc314800 ConcurrentGCThread "G1 Main Marker" [stack: 0x0000002b50800000,0x0000002b50900000] [id=11788]
  0x00000221dc315000 ConcurrentGCThread "G1 Marker#0" [stack: 0x0000002b50900000,0x0000002b50a00000] [id=14028]
  0x00000221dc319800 ConcurrentGCThread "G1 Marker#1" [stack: 0x0000002b50a00000,0x0000002b50b00000] [id=12484]
  0x00000221dc2b8800 ConcurrentGCThread "G1 Refine#0" [stack: 0x0000002b50600000,0x0000002b50700000] [id=22328]
  0x00000221dc2ba800 ConcurrentGCThread "G1 Refine#1" [stack: 0x0000002b50500000,0x0000002b50600000] [id=17908]
  0x00000221dc2bc800 ConcurrentGCThread "G1 Refine#2" [stack: 0x0000002b50400000,0x0000002b50500000] [id=19320]
  0x00000221dc2be000 ConcurrentGCThread "G1 Refine#3" [stack: 0x0000002b50300000,0x0000002b50400000] [id=11916]
  0x00000221dc2bd000 ConcurrentGCThread "G1 Refine#4" [stack: 0x0000002b50200000,0x0000002b50300000] [id=8296]
  0x00000221dc2b8000 ConcurrentGCThread "G1 Refine#5" [stack: 0x0000002b50100000,0x0000002b50200000] [id=1496]
  0x00000221dc2bc000 ConcurrentGCThread "G1 Refine#6" [stack: 0x0000002b50000000,0x0000002b50100000] [id=15888]
  0x00000221dc2b6000 ConcurrentGCThread "G1 Refine#7" [stack: 0x0000002b4ff00000,0x0000002b50000000] [id=15632]
  0x00000221dc2da800 ConcurrentGCThread "G1 Young RemSet Sampling" [stack: 0x0000002b50700000,0x0000002b50800000] [id=21464]

Threads with active compile tasks:
C2 CompilerThread23160       4       jdk.internal.loader.ClassLoaders$AppClassLoader::loadClass (40 bytes)
C2 CompilerThread13141       4       java.lang.ClassLoader::loadClass (7 bytes)
C2 CompilerThread03635   !   4       org.springframework.beans.factory.support.DefaultSingletonBeanRegistry::getSingleton (117 bytes)

VM state:not at safepoint (normal execution)

VM Mutex/Monitor currently owned by a thread: None

Heap address: 0x0000000082000000, size: 2016 MB, Compressed Oops mode: 32-bit
Narrow klass base: 0x0000000000000000, Narrow klass shift: 3
Compressed class space size: 1073741824 Address: 0x0000000100000000

Heap:
 garbage-first heap   total 129024K, used 61510K [0x0000000082000000, 0x00000000821003f0, 0x0000000100000000)
  region size 1024K, 50 young (51200K), 8 survivors (8192K)
 Metaspace       used 36105K, capacity 37980K, committed 38272K, reserved 1083392K
  class space    used 4306K, capacity 4662K, committed 4736K, reserved 1048576K
Heap Regions: E=young(eden), S=young(survivor), O=old, HS=humongous(starts), HC=humongous(continues), CS=collection set, F=free, A=archive, TS=gc time stamp, AC=allocation context, TAMS=top-at-mark-start (previous, next)
|   0|0x0000000082000000, 0x0000000082100000, 0x0000000082100000|100%|HS|  |TS  0|AC  0|TAMS 0x0000000082100000, 0x0000000082100000|
|   1|0x0000000082100000, 0x0000000082200000, 0x0000000082200000|100%| O|  |TS  0|AC  0|TAMS 0x0000000082200000, 0x0000000082200000|
|   2|0x0000000082200000, 0x0000000082300000, 0x0000000082300000|100%| O|  |TS  0|AC  0|TAMS 0x0000000082300000, 0x0000000082300000|
|   3|0x0000000082300000, 0x0000000082400000, 0x0000000082400000|100%| O|  |TS  0|AC  0|TAMS 0x0000000082400000, 0x0000000082400000|
|   4|0x0000000082400000, 0x0000000082500000, 0x0000000082500000|100%| O|  |TS  0|AC  0|TAMS 0x0000000082500000, 0x0000000082500000|
|   5|0x0000000082500000, 0x0000000082600000, 0x0000000082600000|100%| O|  |TS  0|AC  0|TAMS 0x0000000082600000, 0x0000000082600000|
|   6|0x0000000082600000, 0x0000000082700000, 0x0000000082700000|100%| O|  |TS  0|AC  0|TAMS 0x0000000082700000, 0x0000000082700000|
|   7|0x0000000082700000, 0x0000000082800000, 0x0000000082800000|100%| O|  |TS  0|AC  0|TAMS 0x0000000082800000, 0x0000000082800000|
|   8|0x0000000082800000, 0x0000000082900000, 0x0000000082900000|100%| O|  |TS  0|AC  0|TAMS 0x0000000082900000, 0x0000000082900000|
|   9|0x0000000082900000, 0x0000000082a00000, 0x0000000082a00000|100%| O|  |TS  0|AC  0|TAMS 0x0000000082a00000, 0x0000000082a00000|
|  10|0x0000000082a00000, 0x0000000082b00000, 0x0000000082b00000|100%| O|  |TS  0|AC  0|TAMS 0x0000000082b00000, 0x0000000082b00000|
|  11|0x0000000082b00000, 0x0000000082b45600, 0x0000000082c00000| 27%| O|  |TS  0|AC  0|TAMS 0x0000000082b45600, 0x0000000082b45600|
|  12|0x0000000082c00000, 0x0000000082c00000, 0x0000000082d00000|  0%| F|  |TS  0|AC  0|TAMS 0x0000000082c00000, 0x0000000082c00000|
|  13|0x0000000082d00000, 0x0000000082d00000, 0x0000000082e00000|  0%| F|  |TS  0|AC  0|TAMS 0x0000000082d00000, 0x0000000082d00000|
|  14|0x0000000082e00000, 0x0000000082e00000, 0x0000000082f00000|  0%| F|  |TS  0|AC  0|TAMS 0x0000000082e00000, 0x0000000082e00000|
|  15|0x0000000082f00000, 0x0000000082f00000, 0x0000000083000000|  0%| F|  |TS  0|AC  0|TAMS 0x0000000082f00000, 0x0000000082f00000|
|  16|0x0000000083000000, 0x0000000083000000, 0x0000000083100000|  0%| F|  |TS  0|AC  0|TAMS 0x0000000083000000, 0x0000000083000000|
|  17|0x0000000083100000, 0x0000000083100000, 0x0000000083200000|  0%| F|  |TS  0|AC  0|TAMS 0x0000000083100000, 0x0000000083100000|
|  18|0x0000000083200000, 0x0000000083200000, 0x0000000083300000|  0%| F|  |TS  0|AC  0|TAMS 0x0000000083200000, 0x0000000083200000|
|  19|0x0000000083300000, 0x0000000083300000, 0x0000000083400000|  0%| F|  |TS  0|AC  0|TAMS 0x0000000083300000, 0x0000000083300000|
|  20|0x0000000083400000, 0x0000000083400000, 0x0000000083500000|  0%| F|  |TS  0|AC  0|TAMS 0x0000000083400000, 0x0000000083400000|
|  21|0x0000000083500000, 0x0000000083500000, 0x0000000083600000|  0%| F|  |TS  0|AC  0|TAMS 0x0000000083500000, 0x0000000083500000|
|  22|0x0000000083600000, 0x0000000083600000, 0x0000000083700000|  0%| F|  |TS  0|AC  0|TAMS 0x0000000083600000, 0x0000000083600000|
|  23|0x0000000083700000, 0x0000000083700000, 0x0000000083800000|  0%| F|  |TS  0|AC  0|TAMS 0x0000000083700000, 0x0000000083700000|
|  24|0x0000000083800000, 0x0000000083800000, 0x0000000083900000|  0%| F|  |TS  0|AC  0|TAMS 0x0000000083800000, 0x0000000083800000|
|  25|0x0000000083900000, 0x0000000083900000, 0x0000000083a00000|  0%| F|  |TS  0|AC  0|TAMS 0x0000000083900000, 0x0000000083900000|
|  26|0x0000000083a00000, 0x0000000083a00000, 0x0000000083b00000|  0%| F|  |TS  0|AC  0|TAMS 0x0000000083a00000, 0x0000000083a00000|
|  27|0x0000000083b00000, 0x0000000083b00000, 0x0000000083c00000|  0%| F|  |TS  0|AC  0|TAMS 0x0000000083b00000, 0x0000000083b00000|
|  28|0x0000000083c00000, 0x0000000083c00000, 0x0000000083d00000|  0%| F|  |TS  0|AC  0|TAMS 0x0000000083c00000, 0x0000000083c00000|
|  29|0x0000000083d00000, 0x0000000083d00000, 0x0000000083e00000|  0%| F|  |TS  0|AC  0|TAMS 0x0000000083d00000, 0x0000000083d00000|
|  30|0x0000000083e00000, 0x0000000083e00000, 0x0000000083f00000|  0%| F|  |TS  0|AC  0|TAMS 0x0000000083e00000, 0x0000000083e00000|
|  31|0x0000000083f00000, 0x0000000083f00000, 0x0000000084000000|  0%| F|  |TS  0|AC  0|TAMS 0x0000000083f00000, 0x0000000083f00000|
|  32|0x0000000084000000, 0x0000000084000000, 0x0000000084100000|  0%| F|  |TS  0|AC  0|TAMS 0x0000000084000000, 0x0000000084000000|
|  33|0x0000000084100000, 0x0000000084100000, 0x0000000084200000|  0%| F|  |TS  0|AC  0|TAMS 0x0000000084100000, 0x0000000084100000|
|  34|0x0000000084200000, 0x0000000084200000, 0x0000000084300000|  0%| F|  |TS  0|AC  0|TAMS 0x0000000084200000, 0x0000000084200000|
|  35|0x0000000084300000, 0x0000000084300000, 0x0000000084400000|  0%| F|  |TS  0|AC  0|TAMS 0x0000000084300000, 0x0000000084300000|
|  36|0x0000000084400000, 0x0000000084400000, 0x0000000084500000|  0%| F|  |TS  0|AC  0|TAMS 0x0000000084400000, 0x0000000084400000|
|  37|0x0000000084500000, 0x0000000084500000, 0x0000000084600000|  0%| F|  |TS  0|AC  0|TAMS 0x0000000084500000, 0x0000000084500000|
|  38|0x0000000084600000, 0x0000000084600000, 0x0000000084700000|  0%| F|  |TS  0|AC  0|TAMS 0x0000000084600000, 0x0000000084600000|
|  39|0x0000000084700000, 0x0000000084700000, 0x0000000084800000|  0%| F|  |TS  0|AC  0|TAMS 0x0000000084700000, 0x0000000084700000|
|  40|0x0000000084800000, 0x0000000084800000, 0x0000000084900000|  0%| F|  |TS  0|AC  0|TAMS 0x0000000084800000, 0x0000000084800000|
|  41|0x0000000084900000, 0x0000000084900000, 0x0000000084a00000|  0%| F|  |TS  0|AC  0|TAMS 0x0000000084900000, 0x0000000084900000|
|  42|0x0000000084a00000, 0x0000000084a00000, 0x0000000084b00000|  0%| F|  |TS  0|AC  0|TAMS 0x0000000084a00000, 0x0000000084a00000|
|  43|0x0000000084b00000, 0x0000000084b00000, 0x0000000084c00000|  0%| F|  |TS  0|AC  0|TAMS 0x0000000084b00000, 0x0000000084b00000|
|  44|0x0000000084c00000, 0x0000000084c00000, 0x0000000084d00000|  0%| F|  |TS  0|AC  0|TAMS 0x0000000084c00000, 0x0000000084c00000|
|  45|0x0000000084d00000, 0x0000000084d00000, 0x0000000084e00000|  0%| F|  |TS  0|AC  0|TAMS 0x0000000084d00000, 0x0000000084d00000|
|  46|0x0000000084e00000, 0x0000000084e00000, 0x0000000084f00000|  0%| F|  |TS  0|AC  0|TAMS 0x0000000084e00000, 0x0000000084e00000|
|  47|0x0000000084f00000, 0x0000000084f00000, 0x0000000085000000|  0%| F|  |TS  0|AC  0|TAMS 0x0000000084f00000, 0x0000000084f00000|
|  48|0x0000000085000000, 0x0000000085000000, 0x0000000085100000|  0%| F|  |TS  0|AC  0|TAMS 0x0000000085000000, 0x0000000085000000|
|  49|0x0000000085100000, 0x0000000085100000, 0x0000000085200000|  0%| F|  |TS  0|AC  0|TAMS 0x0000000085100000, 0x0000000085100000|
|  50|0x0000000085200000, 0x00000000852cc428, 0x0000000085300000| 79%| S|CS|TS  0|AC  0|TAMS 0x0000000085200000, 0x0000000085200000|
|  51|0x0000000085300000, 0x0000000085400000, 0x0000000085400000|100%| S|CS|TS  0|AC  0|TAMS 0x0000000085300000, 0x0000000085300000|
|  52|0x0000000085400000, 0x0000000085500000, 0x0000000085500000|100%| S|CS|TS  0|AC  0|TAMS 0x0000000085400000, 0x0000000085400000|
|  53|0x0000000085500000, 0x0000000085600000, 0x0000000085600000|100%| S|CS|TS  0|AC  0|TAMS 0x0000000085500000, 0x0000000085500000|
|  54|0x0000000085600000, 0x0000000085700000, 0x0000000085700000|100%| S|CS|TS  0|AC  0|TAMS 0x0000000085600000, 0x0000000085600000|
|  55|0x0000000085700000, 0x0000000085700000, 0x0000000085800000|  0%| F|  |TS  0|AC  0|TAMS 0x0000000085700000, 0x0000000085700000|
|  56|0x0000000085800000, 0x0000000085800000, 0x0000000085900000|  0%| F|  |TS  0|AC  0|TAMS 0x0000000085800000, 0x0000000085800000|
|  57|0x0000000085900000, 0x0000000085900000, 0x0000000085a00000|  0%| F|  |TS  0|AC  0|TAMS 0x0000000085900000, 0x0000000085900000|
|  58|0x0000000085a00000, 0x0000000085a00000, 0x0000000085b00000|  0%| F|  |TS  0|AC  0|TAMS 0x0000000085a00000, 0x0000000085a00000|
|  59|0x0000000085b00000, 0x0000000085c00000, 0x0000000085c00000|100%| S|CS|TS  0|AC  0|TAMS 0x0000000085b00000, 0x0000000085b00000|
|  60|0x0000000085c00000, 0x0000000085d00000, 0x0000000085d00000|100%| S|CS|TS  0|AC  0|TAMS 0x0000000085c00000, 0x0000000085c00000|
|  61|0x0000000085d00000, 0x0000000085e00000, 0x0000000085e00000|100%| S|CS|TS  0|AC  0|TAMS 0x0000000085d00000, 0x0000000085d00000|
|  62|0x0000000085e00000, 0x0000000085e00000, 0x0000000085f00000|  0%| F|  |TS  0|AC  0|TAMS 0x0000000085e00000, 0x0000000085e00000|
|  63|0x0000000085f00000, 0x0000000085f00000, 0x0000000086000000|  0%| F|  |TS  0|AC  0|TAMS 0x0000000085f00000, 0x0000000085f00000|
|  64|0x0000000086000000, 0x0000000086000000, 0x0000000086100000|  0%| F|  |TS  0|AC  0|TAMS 0x0000000086000000, 0x0000000086000000|
|  65|0x0000000086100000, 0x0000000086100000, 0x0000000086200000|  0%| F|  |TS  0|AC  0|TAMS 0x0000000086100000, 0x0000000086100000|
|  66|0x0000000086200000, 0x0000000086200000, 0x0000000086300000|  0%| F|  |TS  0|AC  0|TAMS 0x0000000086200000, 0x0000000086200000|
|  67|0x0000000086300000, 0x0000000086300000, 0x0000000086400000|  0%| F|  |TS  0|AC  0|TAMS 0x0000000086300000, 0x0000000086300000|
|  68|0x0000000086400000, 0x0000000086400000, 0x0000000086500000|  0%| F|  |TS  0|AC  0|TAMS 0x0000000086400000, 0x0000000086400000|
|  69|0x0000000086500000, 0x0000000086500000, 0x0000000086600000|  0%| F|  |TS  0|AC  0|TAMS 0x0000000086500000, 0x0000000086500000|
|  70|0x0000000086600000, 0x0000000086600000, 0x0000000086700000|  0%| F|  |TS  0|AC  0|TAMS 0x0000000086600000, 0x0000000086600000|
|  71|0x0000000086700000, 0x0000000086700000, 0x0000000086800000|  0%| F|  |TS  0|AC  0|TAMS 0x0000000086700000, 0x0000000086700000|
|  72|0x0000000086800000, 0x0000000086800000, 0x0000000086900000|  0%| F|  |TS  0|AC  0|TAMS 0x0000000086800000, 0x0000000086800000|
|  73|0x0000000086900000, 0x0000000086900000, 0x0000000086a00000|  0%| F|  |TS  0|AC  0|TAMS 0x0000000086900000, 0x0000000086900000|
|  74|0x0000000086a00000, 0x0000000086a00000, 0x0000000086b00000|  0%| F|  |TS  0|AC  0|TAMS 0x0000000086a00000, 0x0000000086a00000|
|  75|0x0000000086b00000, 0x0000000086b00000, 0x0000000086c00000|  0%| F|  |TS  0|AC  0|TAMS 0x0000000086b00000, 0x0000000086b00000|
|  76|0x0000000086c00000, 0x0000000086c00000, 0x0000000086d00000|  0%| F|  |TS  0|AC  0|TAMS 0x0000000086c00000, 0x0000000086c00000|
|  77|0x0000000086d00000, 0x0000000086d00000, 0x0000000086e00000|  0%| F|  |TS  0|AC  0|TAMS 0x0000000086d00000, 0x0000000086d00000|
|  78|0x0000000086e00000, 0x0000000086e00000, 0x0000000086f00000|  0%| F|  |TS  0|AC  0|TAMS 0x0000000086e00000, 0x0000000086e00000|
|  79|0x0000000086f00000, 0x0000000086f00000, 0x0000000087000000|  0%| F|  |TS  0|AC  0|TAMS 0x0000000086f00000, 0x0000000086f00000|
|  80|0x0000000087000000, 0x0000000087000000, 0x0000000087100000|  0%| F|  |TS  0|AC  0|TAMS 0x0000000087000000, 0x0000000087000000|
|  81|0x0000000087100000, 0x0000000087100000, 0x0000000087200000|  0%| F|  |TS  0|AC  0|TAMS 0x0000000087100000, 0x0000000087100000|
|  82|0x0000000087200000, 0x0000000087200000, 0x0000000087300000|  0%| F|  |TS  0|AC  0|TAMS 0x0000000087200000, 0x0000000087200000|
|  83|0x0000000087300000, 0x0000000087380800, 0x0000000087400000| 50%| E|  |TS  0|AC  0|TAMS 0x0000000087300000, 0x0000000087300000|
|  84|0x0000000087400000, 0x0000000087500000, 0x0000000087500000|100%| E|CS|TS  0|AC  0|TAMS 0x0000000087400000, 0x0000000087400000|
|  85|0x0000000087500000, 0x0000000087600000, 0x0000000087600000|100%| E|CS|TS  0|AC  0|TAMS 0x0000000087500000, 0x0000000087500000|
|  86|0x0000000087600000, 0x0000000087700000, 0x0000000087700000|100%| E|CS|TS  0|AC  0|TAMS 0x0000000087600000, 0x0000000087600000|
|  87|0x0000000087700000, 0x0000000087800000, 0x0000000087800000|100%| E|CS|TS  0|AC  0|TAMS 0x0000000087700000, 0x0000000087700000|
|  88|0x0000000087800000, 0x0000000087900000, 0x0000000087900000|100%| E|CS|TS  0|AC  0|TAMS 0x0000000087800000, 0x0000000087800000|
|  89|0x0000000087900000, 0x0000000087a00000, 0x0000000087a00000|100%| E|CS|TS  0|AC  0|TAMS 0x0000000087900000, 0x0000000087900000|
|  90|0x0000000087a00000, 0x0000000087b00000, 0x0000000087b00000|100%| E|CS|TS  0|AC  0|TAMS 0x0000000087a00000, 0x0000000087a00000|
|  91|0x0000000087b00000, 0x0000000087c00000, 0x0000000087c00000|100%| E|CS|TS  0|AC  0|TAMS 0x0000000087b00000, 0x0000000087b00000|
|  92|0x0000000087c00000, 0x0000000087d00000, 0x0000000087d00000|100%| E|CS|TS  0|AC  0|TAMS 0x0000000087c00000, 0x0000000087c00000|
|  93|0x0000000087d00000, 0x0000000087e00000, 0x0000000087e00000|100%| E|CS|TS  0|AC  0|TAMS 0x0000000087d00000, 0x0000000087d00000|
|  94|0x0000000087e00000, 0x0000000087f00000, 0x0000000087f00000|100%| E|CS|TS  0|AC  0|TAMS 0x0000000087e00000, 0x0000000087e00000|
|  95|0x0000000087f00000, 0x0000000088000000, 0x0000000088000000|100%| E|CS|TS  0|AC  0|TAMS 0x0000000087f00000, 0x0000000087f00000|
|  96|0x0000000088000000, 0x0000000088100000, 0x0000000088100000|100%| E|CS|TS  0|AC  0|TAMS 0x0000000088000000, 0x0000000088000000|
|  97|0x0000000088100000, 0x0000000088200000, 0x0000000088200000|100%| E|CS|TS  0|AC  0|TAMS 0x0000000088100000, 0x0000000088100000|
|  98|0x0000000088200000, 0x0000000088300000, 0x0000000088300000|100%| E|CS|TS  0|AC  0|TAMS 0x0000000088200000, 0x0000000088200000|
|  99|0x0000000088300000, 0x0000000088400000, 0x0000000088400000|100%| E|CS|TS  0|AC  0|TAMS 0x0000000088300000, 0x0000000088300000|
| 100|0x0000000088400000, 0x0000000088500000, 0x0000000088500000|100%| E|CS|TS  0|AC  0|TAMS 0x0000000088400000, 0x0000000088400000|
| 101|0x0000000088500000, 0x0000000088600000, 0x0000000088600000|100%| E|CS|TS  0|AC  0|TAMS 0x0000000088500000, 0x0000000088500000|
| 102|0x0000000088600000, 0x0000000088700000, 0x0000000088700000|100%| E|CS|TS  0|AC  0|TAMS 0x0000000088600000, 0x0000000088600000|
| 103|0x0000000088700000, 0x0000000088800000, 0x0000000088800000|100%| E|CS|TS  0|AC  0|TAMS 0x0000000088700000, 0x0000000088700000|
| 104|0x0000000088800000, 0x0000000088900000, 0x0000000088900000|100%| E|CS|TS  0|AC  0|TAMS 0x0000000088800000, 0x0000000088800000|
| 105|0x0000000088900000, 0x0000000088a00000, 0x0000000088a00000|100%| E|CS|TS  0|AC  0|TAMS 0x0000000088900000, 0x0000000088900000|
| 106|0x0000000088a00000, 0x0000000088b00000, 0x0000000088b00000|100%| E|CS|TS  0|AC  0|TAMS 0x0000000088a00000, 0x0000000088a00000|
| 107|0x0000000088b00000, 0x0000000088c00000, 0x0000000088c00000|100%| E|CS|TS  0|AC  0|TAMS 0x0000000088b00000, 0x0000000088b00000|
| 108|0x0000000088c00000, 0x0000000088d00000, 0x0000000088d00000|100%| E|CS|TS  0|AC  0|TAMS 0x0000000088c00000, 0x0000000088c00000|
| 109|0x0000000088d00000, 0x0000000088e00000, 0x0000000088e00000|100%| E|CS|TS  0|AC  0|TAMS 0x0000000088d00000, 0x0000000088d00000|
| 110|0x0000000088e00000, 0x0000000088f00000, 0x0000000088f00000|100%| E|CS|TS  0|AC  0|TAMS 0x0000000088e00000, 0x0000000088e00000|
| 111|0x0000000088f00000, 0x0000000089000000, 0x0000000089000000|100%| E|CS|TS  0|AC  0|TAMS 0x0000000088f00000, 0x0000000088f00000|
| 112|0x0000000089000000, 0x0000000089100000, 0x0000000089100000|100%| E|CS|TS  0|AC  0|TAMS 0x0000000089000000, 0x0000000089000000|
| 113|0x0000000089100000, 0x0000000089200000, 0x0000000089200000|100%| E|CS|TS  0|AC  0|TAMS 0x0000000089100000, 0x0000000089100000|
| 114|0x0000000089200000, 0x0000000089300000, 0x0000000089300000|100%| E|CS|TS  0|AC  0|TAMS 0x0000000089200000, 0x0000000089200000|
| 115|0x0000000089300000, 0x0000000089400000, 0x0000000089400000|100%| E|CS|TS  0|AC  0|TAMS 0x0000000089300000, 0x0000000089300000|
| 116|0x0000000089400000, 0x0000000089500000, 0x0000000089500000|100%| E|CS|TS  0|AC  0|TAMS 0x0000000089400000, 0x0000000089400000|
| 117|0x0000000089500000, 0x0000000089600000, 0x0000000089600000|100%| E|CS|TS  0|AC  0|TAMS 0x0000000089500000, 0x0000000089500000|
| 118|0x0000000089600000, 0x0000000089700000, 0x0000000089700000|100%| E|CS|TS  0|AC  0|TAMS 0x0000000089600000, 0x0000000089600000|
| 119|0x0000000089700000, 0x0000000089800000, 0x0000000089800000|100%| E|CS|TS  0|AC  0|TAMS 0x0000000089700000, 0x0000000089700000|
| 120|0x0000000089800000, 0x0000000089900000, 0x0000000089900000|100%| E|CS|TS  0|AC  0|TAMS 0x0000000089800000, 0x0000000089800000|
| 121|0x0000000089900000, 0x0000000089a00000, 0x0000000089a00000|100%| E|CS|TS  0|AC  0|TAMS 0x0000000089900000, 0x0000000089900000|
| 122|0x0000000089a00000, 0x0000000089b00000, 0x0000000089b00000|100%| E|CS|TS  0|AC  0|TAMS 0x0000000089a00000, 0x0000000089a00000|
| 123|0x0000000089b00000, 0x0000000089c00000, 0x0000000089c00000|100%| E|CS|TS  0|AC  0|TAMS 0x0000000089b00000, 0x0000000089b00000|
| 124|0x0000000089c00000, 0x0000000089d00000, 0x0000000089d00000|100%| E|CS|TS  0|AC  0|TAMS 0x0000000089c00000, 0x0000000089c00000|
| 125|0x0000000089d00000, 0x0000000089e00000, 0x0000000089e00000|100%| E|CS|TS  0|AC  0|TAMS 0x0000000089d00000, 0x0000000089d00000|

Card table byte_map: [0x00000221f8610000,0x00000221f8a00000] byte_map_base: 0x00000221f8200000

Marking Bits (Prev, Next): (CMBitMap*) 0x00000221dc313cf0, (CMBitMap*) 0x00000221dc313d28
 Prev Bits: [0x00000221f8df0000, 0x00000221fad70000)
 Next Bits: [0x00000221fad70000, 0x00000221fccf0000)

Polling page: 0x00000221dc200000

CodeHeap 'non-profiled nmethods': size=120000Kb used=1925Kb max_used=1925Kb free=118074Kb
 bounds [0x00000221eff80000, 0x00000221f01f0000, 0x00000221f74b0000]
CodeHeap 'profiled nmethods': size=120000Kb used=9574Kb max_used=9574Kb free=110425Kb
 bounds [0x00000221e8a50000, 0x00000221e93b0000, 0x00000221eff80000]
CodeHeap 'non-nmethods': size=5760Kb used=1291Kb max_used=1347Kb free=4468Kb
 bounds [0x00000221e84b0000, 0x00000221e8720000, 0x00000221e8a50000]
 total_blobs=4897 nmethods=3661 adapters=395
 compilation: enabled

Compilation events (10 events):
Event: 4.458 Thread 0x000002218018b000 3622       4       org.springframework.util.ConcurrentReferenceHashMap$Segment::findInChain (66 bytes)
Event: 4.463 Thread 0x0000022180190800 nmethod 3621 0x00000221e937f410 code [0x00000221e937fa20, 0x00000221e9383750]
Event: 4.463 Thread 0x0000022180190800 3624       3       java.beans.Introspector::addPropertyDescriptor (265 bytes)
Event: 4.463 Thread 0x000002218018b000 nmethod 3622 0x00000221f0159910 code [0x00000221f0159ae0, 0x00000221f0159ea8]
Event: 4.464 Thread 0x000002218018b000 3342       4       org.springframework.asm.SymbolTable::addConstantUtf8 (98 bytes)
Event: 4.468 Thread 0x0000022180190800 nmethod 3624 0x00000221e9385590 code [0x00000221e9385c20, 0x00000221e938ac40]
Event: 4.468 Thread 0x0000022180190800 3625       3       com.sun.beans.util.Cache::index (7 bytes)
Event: 4.468 Thread 0x0000022180190800 nmethod 3625 0x00000221e938c310 code [0x00000221e938c4c0, 0x00000221e938c618]
Event: 4.468 Thread 0x0000022180190800 3623   !   3       org.springframework.util.ClassUtils::getMostSpecificMethod (72 bytes)
Event: 4.470 Thread 0x0000022180190800 nmethod 3623 0x00000221e938c710 code [0x00000221e938c960, 0x00000221e938d5b0]

GC Heap History (10 events):
Event: 2.300 GC heap before
{Heap before GC invocations=1 (full 0):
 garbage-first heap   total 129024K, used 81397K [0x0000000082000000, 0x00000000821003f0, 0x0000000100000000)
  region size 1024K, 75 young (76800K), 3 survivors (3072K)
 Metaspace       used 17937K, capacity 18396K, committed 18688K, reserved 1067008K
  class space    used 1914K, capacity 2008K, committed 2048K, reserved 1048576K
}
Event: 2.311 GC heap after
{Heap after GC invocations=2 (full 0):
 garbage-first heap   total 129024K, used 13471K [0x0000000082000000, 0x00000000821003f0, 0x0000000100000000)
  region size 1024K, 9 young (9216K), 9 survivors (9216K)
 Metaspace       used 17937K, capacity 18396K, committed 18688K, reserved 1067008K
  class space    used 1914K, capacity 2008K, committed 2048K, reserved 1048576K
}
Event: 2.508 GC heap before
{Heap before GC invocations=2 (full 0):
 garbage-first heap   total 129024K, used 48287K [0x0000000082000000, 0x00000000821003f0, 0x0000000100000000)
  region size 1024K, 44 young (45056K), 9 survivors (9216K)
 Metaspace       used 20467K, capacity 21172K, committed 21248K, reserved 1069056K
  class space    used 2370K, capacity 2536K, committed 2560K, reserved 1048576K
}
Event: 2.515 GC heap after
{Heap after GC invocations=3 (full 0):
 garbage-first heap   total 129024K, used 12304K [0x0000000082000000, 0x00000000821003f0, 0x0000000100000000)
  region size 1024K, 3 young (3072K), 3 survivors (3072K)
 Metaspace       used 20467K, capacity 21172K, committed 21248K, reserved 1069056K
  class space    used 2370K, capacity 2536K, committed 2560K, reserved 1048576K
}
Event: 2.923 GC heap before
{Heap before GC invocations=4 (full 0):
 garbage-first heap   total 129024K, used 86032K [0x0000000082000000, 0x00000000821003f0, 0x0000000100000000)
  region size 1024K, 75 young (76800K), 3 survivors (3072K)
 Metaspace       used 26632K, capacity 27572K, committed 27904K, reserved 1073152K
  class space    used 3117K, capacity 3294K, committed 3328K, reserved 1048576K
}
Event: 2.931 GC heap after
{Heap after GC invocations=5 (full 0):
 garbage-first heap   total 129024K, used 17338K [0x0000000082000000, 0x00000000821003f0, 0x0000000100000000)
  region size 1024K, 8 young (8192K), 8 survivors (8192K)
 Metaspace       used 26632K, capacity 27572K, committed 27904K, reserved 1073152K
  class space    used 3117K, capacity 3294K, committed 3328K, reserved 1048576K
}
Event: 3.216 GC heap before
{Heap before GC invocations=5 (full 0):
 garbage-first heap   total 129024K, used 85946K [0x0000000082000000, 0x00000000821003f0, 0x0000000100000000)
  region size 1024K, 75 young (76800K), 8 survivors (8192K)
 Metaspace       used 29240K, capacity 30384K, committed 30592K, reserved 1077248K
  class space    used 3413K, capacity 3660K, committed 3712K, reserved 1048576K
}
Event: 3.221 GC heap after
{Heap after GC invocations=6 (full 0):
 garbage-first heap   total 129024K, used 15473K [0x0000000082000000, 0x00000000821003f0, 0x0000000100000000)
  region size 1024K, 4 young (4096K), 4 survivors (4096K)
 Metaspace       used 29240K, capacity 30384K, committed 30592K, reserved 1077248K
  class space    used 3413K, capacity 3660K, committed 3712K, reserved 1048576K
}
Event: 3.951 GC heap before
{Heap before GC invocations=6 (full 0):
 garbage-first heap   total 129024K, used 79985K [0x0000000082000000, 0x00000000821003f0, 0x0000000100000000)
  region size 1024K, 68 young (69632K), 4 survivors (4096K)
 Metaspace       used 34129K, capacity 35712K, committed 35840K, reserved 1081344K
  class space    used 4071K, capacity 4358K, committed 4480K, reserved 1048576K
}
Event: 3.961 GC heap after
{Heap after GC invocations=7 (full 0):
 garbage-first heap   total 129024K, used 19526K [0x0000000082000000, 0x00000000821003f0, 0x0000000100000000)
  region size 1024K, 8 young (8192K), 8 survivors (8192K)
 Metaspace       used 34129K, capacity 35712K, committed 35840K, reserved 1081344K
  class space    used 4071K, capacity 4358K, committed 4480K, reserved 1048576K
}

Deoptimization events (10 events):
Event: 3.467 Thread 0x00000221dc28a000 Uncommon trap: reason=intrinsic_or_type_checked_inlining action=make_not_entrant pc=0x00000221f00d8eac method=java.util.Arrays.copyOf([Ljava/lang/Object;ILjava/lang/Class;)[Ljava/lang/Object; @ 35 c2
Event: 3.740 Thread 0x00000221dc28a000 Uncommon trap: reason=array_check action=maybe_recompile pc=0x00000221f010dcb4 method=java.util.AbstractCollection.toArray([Ljava/lang/Object;)[Ljava/lang/Object; @ 116 c2
Event: 3.745 Thread 0x00000221dc28a000 Uncommon trap: reason=array_check action=maybe_recompile pc=0x00000221f010dcb4 method=java.util.AbstractCollection.toArray([Ljava/lang/Object;)[Ljava/lang/Object; @ 116 c2
Event: 3.748 Thread 0x00000221dc28a000 Uncommon trap: reason=array_check action=maybe_recompile pc=0x00000221f010dcb4 method=java.util.AbstractCollection.toArray([Ljava/lang/Object;)[Ljava/lang/Object; @ 116 c2
Event: 3.750 Thread 0x00000221dc28a000 Uncommon trap: reason=array_check action=maybe_recompile pc=0x00000221f010dcb4 method=java.util.AbstractCollection.toArray([Ljava/lang/Object;)[Ljava/lang/Object; @ 116 c2
Event: 3.890 Thread 0x00000221dc28a000 Uncommon trap: reason=unstable_if action=reinterpret pc=0x00000221f0060788 method=sun.instrument.TransformerManager.transform(Ljava/lang/Module;Ljava/lang/ClassLoader;Ljava/lang/String;Ljava/lang/Class;Ljava/security/ProtectionDomain;[B)[B @ 66 c2
Event: 4.004 Thread 0x00000221dc28a000 Uncommon trap: reason=unstable_if action=reinterpret pc=0x00000221f0105abc method=org.springframework.util.ConcurrentReferenceHashMap$Segment.findInChain(Lorg/springframework/util/ConcurrentReferenceHashMap$Reference;Ljava/lang/Object;I)Lorg/springframewo
Event: 4.004 Thread 0x00000221dc28a000 Uncommon trap: reason=unstable_if action=reinterpret pc=0x00000221f01013ac method=org.springframework.util.ConcurrentReferenceHashMap$Segment.findInChain(Lorg/springframework/util/ConcurrentReferenceHashMap$Reference;Ljava/lang/Object;I)Lorg/springframewo
Event: 4.004 Thread 0x00000221dc28a000 Uncommon trap: reason=unstable_if action=reinterpret pc=0x00000221f0108294 method=org.springframework.util.ConcurrentReferenceHashMap$Segment.findInChain(Lorg/springframework/util/ConcurrentReferenceHashMap$Reference;Ljava/lang/Object;I)Lorg/springframewo
Event: 4.022 Thread 0x00000221dc28a000 Uncommon trap: reason=unstable_if action=reinterpret pc=0x00000221f00efc80 method=java.util.LinkedList.node(I)Ljava/util/LinkedList$Node; @ 49 c2

Classes redefined (0 events):
No events

Internal exceptions (10 events):
Event: 4.457 Thread 0x00000221dc28a000 Exception <a 'java/lang/ClassNotFoundException'{0x0000000087a63f18}: org/springframework/beans/factory/InitializingBeanCustomizer> (0x0000000087a63f18) thrown at [c:/workspace/9-2-build-windows-amd64-cygwin-phase2/jdk9/6725/hotspot/src/share/vm/classfile/
Event: 4.458 Thread 0x00000221dc28a000 Exception <a 'java/lang/ClassNotFoundException'{0x0000000087a73ec8}: java/lang/ObjectCustomizer> (0x0000000087a73ec8) thrown at [c:/workspace/9-2-build-windows-amd64-cygwin-phase2/jdk9/6725/hotspot/src/share/vm/classfile/systemDictionary.cpp, line 218]
Event: 4.459 Thread 0x00000221dc28a000 Exception <a 'java/lang/ClassNotFoundException'{0x0000000087a965a0}: org/springframework/aop/support/AbstractPointcutAdvisorCustomizer> (0x0000000087a965a0) thrown at [c:/workspace/9-2-build-windows-amd64-cygwin-phase2/jdk9/6725/hotspot/src/share/vm/class
Event: 4.460 Thread 0x00000221dc28a000 Exception <a 'java/lang/ClassNotFoundException'{0x0000000087abd9d0}: org/springframework/aop/support/AbstractBeanFactoryPointcutAdvisorCustomizer> (0x0000000087abd9d0) thrown at [c:/workspace/9-2-build-windows-amd64-cygwin-phase2/jdk9/6725/hotspot/src/sha
Event: 4.461 Thread 0x00000221dc28a000 Exception <a 'java/lang/ClassNotFoundException'{0x0000000087aed9b8}: org/springframework/transaction/interceptor/BeanFactoryTransactionAttributeSourceAdvisorCustomizer> (0x0000000087aed9b8) thrown at [c:/workspace/9-2-build-windows-amd64-cygwin-phase2/jdk
Event: 4.462 Thread 0x00000221dc28a000 Exception <a 'java/lang/ClassNotFoundException'{0x0000000087914e28}: org/springframework/beans/factory/BeanFactoryAwareCustomizer> (0x0000000087914e28) thrown at [c:/workspace/9-2-build-windows-amd64-cygwin-phase2/jdk9/6725/hotspot/src/share/vm/classfile/
Event: 4.463 Thread 0x00000221dc28a000 Exception <a 'java/lang/ClassNotFoundException'{0x000000008792fc58}: org/springframework/beans/factory/AwareCustomizer> (0x000000008792fc58) thrown at [c:/workspace/9-2-build-windows-amd64-cygwin-phase2/jdk9/6725/hotspot/src/share/vm/classfile/systemDicti
Event: 4.463 Thread 0x00000221dc28a000 Exception <a 'java/lang/ClassNotFoundException'{0x00000000879497c0}: org/springframework/aop/PointcutAdvisorCustomizer> (0x00000000879497c0) thrown at [c:/workspace/9-2-build-windows-amd64-cygwin-phase2/jdk9/6725/hotspot/src/share/vm/classfile/systemDicti
Event: 4.464 Thread 0x00000221dc28a000 Exception <a 'java/lang/ClassNotFoundException'{0x0000000087961990}: org/springframework/aop/AdvisorCustomizer> (0x0000000087961990) thrown at [c:/workspace/9-2-build-windows-amd64-cygwin-phase2/jdk9/6725/hotspot/src/share/vm/classfile/systemDictionary.cp
Event: 4.465 Thread 0x00000221dc28a000 Exception <a 'java/lang/ClassNotFoundException'{0x000000008797ab80}: org/springframework/core/OrderedCustomizer> (0x000000008797ab80) thrown at [c:/workspace/9-2-build-windows-amd64-cygwin-phase2/jdk9/6725/hotspot/src/share/vm/classfile/systemDictionary.c

Events (10 events):
Event: 4.471 loading class org/springframework/web/method/support/HandlerMethodReturnValueHandler
Event: 4.471 loading class org/springframework/web/method/support/HandlerMethodReturnValueHandler done
Event: 4.472 loading class org/springframework/web/method/annotation/ModelAttributeMethodProcessor$FieldAwareConstructorParameter
Event: 4.472 loading class org/springframework/web/method/annotation/ModelAttributeMethodProcessor$FieldAwareConstructorParameter done
Event: 4.472 Executing VM operation: Deoptimize
Event: 4.473 Executing VM operation: Deoptimize done
Event: 4.474 loading class org/springframework/data/projection/SpelAwareProxyProjectionFactory
Event: 4.474 loading class org/springframework/data/projection/SpelAwareProxyProjectionFactory done
Event: 4.474 loading class org/springframework/data/projection/ProxyProjectionFactory
Event: 4.474 loading class org/springframework/data/projection/ProxyProjectionFactory done


Dynamic libraries:
0x00007ff7fdfb0000 - 0x00007ff7fdfee000 	C:\Program Files\Java\jdk-9\bin\java.exe
0x00007ff88d090000 - 0x00007ff88d271000 	C:\WINDOWS\SYSTEM32\ntdll.dll
0x00007ff88b250000 - 0x00007ff88b302000 	C:\WINDOWS\System32\KERNEL32.DLL
0x00007ff88a190000 - 0x00007ff88a403000 	C:\WINDOWS\System32\KERNELBASE.dll
0x00007ff88cec0000 - 0x00007ff88cf61000 	C:\WINDOWS\System32\ADVAPI32.dll
0x00007ff88a8f0000 - 0x00007ff88a98e000 	C:\WINDOWS\System32\msvcrt.dll
0x00007ff88ce60000 - 0x00007ff88cebb000 	C:\WINDOWS\System32\sechost.dll
0x00007ff88b370000 - 0x00007ff88b494000 	C:\WINDOWS\System32\RPCRT4.dll
0x00007ff88ccd0000 - 0x00007ff88ce60000 	C:\WINDOWS\System32\USER32.dll
0x00007ff88a4b0000 - 0x00007ff88a4d0000 	C:\WINDOWS\System32\win32u.dll
0x00007ff88cc00000 - 0x00007ff88cc28000 	C:\WINDOWS\System32\GDI32.dll
0x00007ff889ff0000 - 0x00007ff88a182000 	C:\WINDOWS\System32\gdi32full.dll
0x00007ff88a410000 - 0x00007ff88a4af000 	C:\WINDOWS\System32\msvcp_win.dll
0x00007ff889ef0000 - 0x00007ff889fe8000 	C:\WINDOWS\System32\ucrtbase.dll
0x00007ff8746a0000 - 0x00007ff874909000 	C:\WINDOWS\WinSxS\amd64_microsoft.windows.common-controls_6595b64144ccf1df_6.0.17134.648_none_fb45a0e93062a6d2\COMCTL32.dll
0x00007ff8838b0000 - 0x00007ff8838ba000 	C:\WINDOWS\SYSTEM32\VERSION.dll
0x00007ff88ae80000 - 0x00007ff88b1a2000 	C:\WINDOWS\System32\combase.dll
0x00007ff889dc0000 - 0x00007ff889e3a000 	C:\WINDOWS\System32\bcryptPrimitives.dll
0x00007ff88ae50000 - 0x00007ff88ae7d000 	C:\WINDOWS\System32\IMM32.DLL
0x00007ff856dd0000 - 0x00007ff856ebf000 	C:\Program Files\Java\jdk-9\bin\msvcr120.dll
0x00007ff85f360000 - 0x00007ff85f406000 	C:\Program Files\Java\jdk-9\bin\msvcp120.dll
0x000000005c2f0000 - 0x000000005cd1a000 	C:\Program Files\Java\jdk-9\bin\server\jvm.dll
0x00007ff88b4a0000 - 0x00007ff88b4a8000 	C:\WINDOWS\System32\PSAPI.DLL
0x00007ff883100000 - 0x00007ff883123000 	C:\WINDOWS\SYSTEM32\WINMM.dll
0x00007ff887fb0000 - 0x00007ff887fb9000 	C:\WINDOWS\SYSTEM32\WSOCK32.dll
0x00007ff88cb20000 - 0x00007ff88cb8c000 	C:\WINDOWS\System32\WS2_32.dll
0x00007ff8830c0000 - 0x00007ff8830ea000 	C:\WINDOWS\SYSTEM32\WINMMBASE.dll
0x00007ff88a4d0000 - 0x00007ff88a519000 	C:\WINDOWS\System32\cfgmgr32.dll
0x00007ff8856a0000 - 0x00007ff8856af000 	C:\Program Files\Java\jdk-9\bin\verify.dll
0x00007ff87df10000 - 0x00007ff87df37000 	C:\Program Files\Java\jdk-9\bin\java.dll
0x00007ff87aab0000 - 0x00007ff87aae6000 	C:\Program Files\Java\jdk-9\bin\jdwp.dll
0x00007ff884720000 - 0x00007ff88474a000 	C:\Program Files\Java\jdk-9\bin\instrument.dll
0x00007ff87b090000 - 0x00007ff87b0a6000 	C:\Program Files\Java\jdk-9\bin\zip.dll
0x00007ff884710000 - 0x00007ff88471a000 	C:\Program Files\Java\jdk-9\bin\jimage.dll
0x00007ff88b610000 - 0x00007ff88ca50000 	C:\WINDOWS\System32\SHELL32.dll
0x00007ff88a6a0000 - 0x00007ff88a749000 	C:\WINDOWS\System32\shcore.dll
0x00007ff889460000 - 0x00007ff889b6d000 	C:\WINDOWS\System32\windows.storage.dll
0x00007ff88b310000 - 0x00007ff88b361000 	C:\WINDOWS\System32\shlwapi.dll
0x00007ff889440000 - 0x00007ff889451000 	C:\WINDOWS\System32\kernel.appcore.dll
0x00007ff889420000 - 0x00007ff88943f000 	C:\WINDOWS\System32\profapi.dll
0x00007ff8893a0000 - 0x00007ff8893ec000 	C:\WINDOWS\System32\powrprof.dll
0x00007ff889410000 - 0x00007ff88941a000 	C:\WINDOWS\System32\FLTLIB.DLL
0x00007ff87af70000 - 0x00007ff87af8a000 	C:\Program Files\Java\jdk-9\bin\net.dll
0x00007ff8848e0000 - 0x00007ff8849bd000 	C:\WINDOWS\SYSTEM32\WINHTTP.dll
0x00007ff888c20000 - 0x00007ff888c86000 	C:\WINDOWS\system32\mswsock.dll
0x00007ff87aaf0000 - 0x00007ff87ab01000 	C:\Program Files\Java\jdk-9\bin\nio.dll
0x00007ff884700000 - 0x00007ff88470a000 	C:\Program Files\Java\jdk-9\bin\dt_socket.dll
0x00007ff888dd0000 - 0x00007ff888de7000 	C:\WINDOWS\SYSTEM32\CRYPTSP.dll
0x00007ff888800000 - 0x00007ff888833000 	C:\WINDOWS\system32\rsaenh.dll
0x00007ff888f00000 - 0x00007ff888f25000 	C:\WINDOWS\SYSTEM32\bcrypt.dll
0x00007ff8892a0000 - 0x00007ff8892c8000 	C:\WINDOWS\SYSTEM32\USERENV.dll
0x00007ff888df0000 - 0x00007ff888dfb000 	C:\WINDOWS\SYSTEM32\CRYPTBASE.dll
0x00007ff8889a0000 - 0x00007ff8889d8000 	C:\WINDOWS\SYSTEM32\IPHLPAPI.DLL
0x00007ff88a990000 - 0x00007ff88a998000 	C:\WINDOWS\System32\NSI.dll
0x00007ff882c80000 - 0x00007ff882c96000 	C:\WINDOWS\SYSTEM32\dhcpcsvc6.DLL
0x00007ff882be0000 - 0x00007ff882bfa000 	C:\WINDOWS\SYSTEM32\dhcpcsvc.DLL
0x00007ff8801f0000 - 0x00007ff8801f9000 	C:\Program Files\Java\jdk-9\bin\management.dll
0x00007ff8800c0000 - 0x00007ff8800ca000 	C:\Program Files\Java\jdk-9\bin\management_ext.dll
0x00007ff849700000 - 0x00007ff849716000 	C:\WINDOWS\system32\napinsp.dll
0x00007ff8496b0000 - 0x00007ff8496ca000 	C:\WINDOWS\system32\pnrpnsp.dll
0x00007ff885470000 - 0x00007ff885489000 	C:\WINDOWS\system32\NLAapi.dll
0x00007ff8889e0000 - 0x00007ff888a9e000 	C:\WINDOWS\SYSTEM32\DNSAPI.dll
0x00007ff84dd10000 - 0x00007ff84dd1e000 	C:\WINDOWS\System32\winrnr.dll
0x00007ff87f7f0000 - 0x00007ff87f805000 	C:\WINDOWS\System32\wshbth.dll
0x000000005f980000 - 0x000000005f9a6000 	C:\Program Files\Bonjour\mdnsNSP.dll
0x00007ff87fb80000 - 0x00007ff87fb8a000 	C:\Windows\System32\rasadhlp.dll
0x00007ff880240000 - 0x00007ff8802b2000 	C:\WINDOWS\System32\fwpuclnt.dll
0x00007ff887db0000 - 0x00007ff887f79000 	C:\WINDOWS\SYSTEM32\dbghelp.dll

VM Arguments:
jvm_args: -agentlib:jdwp=transport=dt_socket,address=127.0.0.1:33772,suspend=y,server=n -ea -Didea.test.cyclic.buffer.size=1048576 -javaagent:C:\Users\ninja\.IntelliJIdea2018.3\system\captureAgent\debugger-agent.jar -Dfile.encoding=UTF-8 
java_command: com.intellij.rt.execution.junit.JUnitStarter -ideVersion5 -junit4 mk.trkalo.emtlab.EMTlab.EmTlabApplicationTests,contextLoads
java_class_path (initial): C:\Program Files\JetBrains\IntelliJ IDEA 2018.2.5\lib\idea_rt.jar;C:\Program Files\JetBrains\IntelliJ IDEA 2018.2.5\plugins\junit\lib\junit-rt.jar;C:\Program Files\JetBrains\IntelliJ IDEA 2018.2.5\plugins\junit\lib\junit5-rt.jar;D:\GitHub\EMTLab\target\test-classes;D:\GitHub\EMTLab\target\classes;C:\Users\ninja\.m2\repository\org\springframework\boot\spring-boot-starter-data-jpa\2.1.4.RELEASE\spring-boot-starter-data-jpa-2.1.4.RELEASE.jar;C:\Users\ninja\.m2\repository\org\springframework\boot\spring-boot-starter-aop\2.1.4.RELEASE\spring-boot-starter-aop-2.1.4.RELEASE.jar;C:\Users\ninja\.m2\repository\org\aspectj\aspectjweaver\1.9.2\aspectjweaver-1.9.2.jar;C:\Users\ninja\.m2\repository\org\springframework\boot\spring-boot-starter-jdbc\2.1.4.RELEASE\spring-boot-starter-jdbc-2.1.4.RELEASE.jar;C:\Users\ninja\.m2\repository\com\zaxxer\HikariCP\3.2.0\HikariCP-3.2.0.jar;C:\Users\ninja\.m2\repository\org\springframework\spring-jdbc\5.1.6.RELEASE\spring-jdbc-5.1.6.RELEASE.jar;C:\Users\ninja\.m2\repository\javax\transaction\javax.transaction-api\1.3\javax.transaction-api-1.3.jar;C:\Users\ninja\.m2\repository\javax\xml\bind\jaxb-api\2.3.1\jaxb-api-2.3.1.jar;C:\Users\ninja\.m2\repository\javax\activation\javax.activation-api\1.2.0\javax.activation-api-1.2.0.jar;C:\Users\ninja\.m2\repository\org\hibernate\hibernate-core\5.3.9.Final\hibernate-core-5.3.9.Final.jar;C:\Users\ninja\.m2\repository\org\jboss\logging\jboss-logging\3.3.2.Final\jboss-logging-3.3.2.Final.jar;C:\Users\ninja\.m2\repository\javax\persistence\javax.persistence-api\2.2\javax.persistence-api-2.2.jar;C:\Users\ninja\.m2\repository\org\javassist\javassist\3.23.1-GA\javassist-3.23.1-GA.jar;C:\Users\ninja\.m2\repository\net\bytebuddy\byte-buddy\1.9.12\byte-buddy-1.9.12.jar;C:\Users\ninja\.m2\repository\antlr\antlr\2.7.7\antlr-2.7.7.jar;C:\Users\ninja\.m2\repository\org\jboss\jandex\2.0.5.Final\jandex-2.0.5.Final.jar;C:\Users\ninja\.m2\repository\com\fasterxml\classmate\1.4.0\classmate-1.4
Launcher Type: SUN_STANDARD

Logging:
Log output configuration:
#0: stdout all=warning uptime,level,tags
#1: stderr all=off uptime,level,tags

Environment Variables:
PATH=C:\ProgramData\Oracle\Java\javapath;C:\Program Files (x86)\Intel\iCLS Client\;C:\Program Files\Intel\iCLS Client\;C:\WINDOWS\system32;C:\WINDOWS;C:\WINDOWS\System32\Wbem;C:\WINDOWS\System32\WindowsPowerShell\v1.0\;C:\Program Files (x86)\NVIDIA Corporation\PhysX\Common;C:\Program Files (x86)\Intel\Intel(R) Management Engine Components\DAL;C:\Program Files\Intel\Intel(R) Management Engine Components\DAL;C:\Program Files (x86)\Intel\Intel(R) Management Engine Components\IPT;C:\Program Files\Intel\Intel(R) Management Engine Components\IPT;C:\WINDOWS\system32;C:\WINDOWS;C:\WINDOWS\System32\Wbem;C:\WINDOWS\System32\WindowsPowerShell\v1.0\;C:\Program Files\dotnet\;C:\Program Files\Microsoft SQL Server\130\Tools\Binn\;C:\Program Files\Git\cmd;C:\Program Files\Microsoft SQL Server\Client SDK\ODBC\130\Tools\Binn\;C:\Program Files (x86)\Microsoft SQL Server\140\Tools\Binn\;C:\Program Files\Microsoft SQL Server\140\Tools\Binn\;C:\Program Files\Microsoft SQL Server\140\DTS\Binn\;C:\Program Files\Microsoft SQL Server\110\Tools\Binn\;C:\WINDOWS\System32\OpenSSH\;C:\Program Files\SlikSvn\bin;C:\Program Files\nodejs\;C:\Program Files\NVIDIA Corporation\NVIDIA NvDLISR;C:\Users\ninja\AppData\Local\Microsoft\WindowsApps;C:\Users\ninja\AppData\Local\Microsoft\WindowsApps;C:\Users\ninja\AppData\Roaming\npm;C:\Users\ninja\AppData\Local\Programs\Python\Python36-32;C:\Program Files (x86)\Nmap
USERNAME=ninja
OS=Windows_NT
PROCESSOR_IDENTIFIER=Intel64 Family 6 Model 94 Stepping 3, GenuineIntel



---------------  S Y S T E M  ---------------

OS: Windows 10 , 64 bit Build 17134 (10.0.17134.648)

CPU:total 8 (initial active 8) (4 cores per cpu, 2 threads per core) family 6 model 94 stepping 3, cmov, cx8, fxsr, mmx, sse, sse2, sse3, ssse3, sse4.1, sse4.2, popcnt, avx, avx2, aes, clmul, erms, rtm, 3dnowpref, lzcnt, ht, tsc, tscinvbit, bmi1, bmi2, adx, fma

Memory: 4k page, physical 8250632k(959056k free), swap 16639240k(8344k free)

vm_info: Java HotSpot(TM) 64-Bit Server VM (9+181) for windows-amd64 JRE (9+181), built on Aug  2 2017 21:30:51 by "javare" with MS VC++ 12.0 (VS2013)

END.
